<?xml version="1.0" encoding="UTF-8"?>
<testng-results skipped="0" failed="0" ignored="0" total="4" passed="4">
  <reporter-output>
  </reporter-output>
  <suite name="Suite" duration-ms="163244" started-at="2020-06-05T12:04:31Z" finished-at="2020-06-05T12:07:14Z">
    <groups>
    </groups>
    <test name="Test" duration-ms="163244" started-at="2020-06-05T12:04:31Z" finished-at="2020-06-05T12:07:14Z">
      <class name="Test.loginAccount">
        <test-method status="PASS" signature="createAcc(java.lang.String, java.lang.String)[pri:0, instance:Test.loginAccount@675d3402]" name="createAcc" duration-ms="21342" started-at="2020-06-05T17:35:23Z" data-provider="getData4" finished-at="2020-06-05T17:35:45Z">
          <params>
            <param index="0">
              <value>
                <![CDATA[akshay10114g@gmail.com]]>
              </value>
            </param>
            <param index="1">
              <value>
                <![CDATA[dummy1]]>
              </value>
            </param>
          </params>
          <reporter-output>
          </reporter-output>
        </test-method> <!-- createAcc -->
      </class> <!-- Test.loginAccount -->
      <class name="Test.addToCart">
        <test-method status="PASS" signature="initialize()[pri:0, instance:Test.addToCart@51565ec2]" name="initialize" is-config="true" duration-ms="9719" started-at="2020-06-05T17:34:31Z" finished-at="2020-06-05T17:34:41Z">
          <reporter-output>
          </reporter-output>
        </test-method> <!-- initialize -->
        <test-method status="PASS" signature="initialize()[pri:0, instance:Test.confirmOrder@482f8f11]" name="initialize" is-config="true" duration-ms="3870" started-at="2020-06-05T17:34:41Z" finished-at="2020-06-05T17:34:45Z">
          <reporter-output>
          </reporter-output>
        </test-method> <!-- initialize -->
        <test-method status="PASS" signature="initialize()[pri:0, instance:Test.createAccount@28feb3fa]" name="initialize" is-config="true" duration-ms="3993" started-at="2020-06-05T17:34:45Z" finished-at="2020-06-05T17:34:49Z">
          <reporter-output>
          </reporter-output>
        </test-method> <!-- initialize -->
        <test-method status="PASS" signature="initialize()[pri:0, instance:Test.loginAccount@675d3402]" name="initialize" is-config="true" duration-ms="4675" started-at="2020-06-05T17:34:49Z" finished-at="2020-06-05T17:34:53Z">
          <reporter-output>
          </reporter-output>
        </test-method> <!-- initialize -->
        <test-method status="PASS" signature="createAcc(java.lang.String, java.lang.String)[pri:0, instance:Test.addToCart@51565ec2]" name="createAcc" duration-ms="73331" started-at="2020-06-05T17:35:45Z" data-provider="getData4" finished-at="2020-06-05T17:36:58Z">
          <params>
            <param index="0">
              <value>
                <![CDATA[akshay10114g@gmail.com]]>
              </value>
            </param>
            <param index="1">
              <value>
                <![CDATA[dummy1]]>
              </value>
            </param>
          </params>
          <reporter-output>
          </reporter-output>
        </test-method> <!-- createAcc -->
        <test-method status="PASS" signature="teardown()[pri:0, instance:Test.addToCart@51565ec2]" name="teardown" is-config="true" duration-ms="5572" started-at="2020-06-05T17:36:58Z" finished-at="2020-06-05T17:37:04Z">
          <reporter-output>
          </reporter-output>
        </test-method> <!-- teardown -->
        <test-method status="PASS" signature="teardown()[pri:0, instance:Test.createAccount@28feb3fa]" name="teardown" is-config="true" duration-ms="6723" started-at="2020-06-05T17:37:04Z" finished-at="2020-06-05T17:37:10Z">
          <reporter-output>
          </reporter-output>
        </test-method> <!-- teardown -->
        <test-method status="PASS" signature="teardown()[pri:0, instance:Test.loginAccount@675d3402]" name="teardown" is-config="true" duration-ms="3802" started-at="2020-06-05T17:37:10Z" finished-at="2020-06-05T17:37:14Z">
          <reporter-output>
          </reporter-output>
        </test-method> <!-- teardown -->
      </class> <!-- Test.addToCart -->
      <class name="Test.createAccount">
        <test-method status="PASS" signature="createAcc(java.lang.String)[pri:0, instance:Test.createAccount@28feb3fa]" name="createAcc" duration-ms="15908" started-at="2020-06-05T17:34:53Z" data-provider="getData" finished-at="2020-06-05T17:35:09Z">
          <params>
            <param index="0">
              <value>
                <![CDATA[akshay10114g@gmail.com]]>
              </value>
            </param>
          </params>
          <reporter-output>
          </reporter-output>
        </test-method> <!-- createAcc -->
        <test-method status="PASS" signature="fillForm(java.lang.String, java.lang.String, java.lang.String, java.lang.String, java.lang.String, java.lang.String, java.lang.String, java.lang.String, java.lang.String, java.lang.String, java.lang.String)[pri:0, instance:Test.createAccount@28feb3fa]" name="fillForm" duration-ms="14165" started-at="2020-06-05T17:35:09Z" data-provider="getData2" finished-at="2020-06-05T17:35:23Z">
          <params>
            <param index="0">
              <value>
                <![CDATA[New]]>
              </value>
            </param>
            <param index="1">
              <value>
                <![CDATA[User]]>
              </value>
            </param>
            <param index="2">
              <value>
                <![CDATA[dummy1]]>
              </value>
            </param>
            <param index="3">
              <value>
                <![CDATA[New]]>
              </value>
            </param>
            <param index="4">
              <value>
                <![CDATA[User]]>
              </value>
            </param>
            <param index="5">
              <value>
                <![CDATA[dummy4]]>
              </value>
            </param>
            <param index="6">
              <value>
                <![CDATA[dummy5]]>
              </value>
            </param>
            <param index="7">
              <value>
                <![CDATA[dummy6]]>
              </value>
            </param>
            <param index="8">
              <value>
                <![CDATA[40009]]>
              </value>
            </param>
            <param index="9">
              <value>
                <![CDATA[9812345612]]>
              </value>
            </param>
            <param index="10">
              <value>
                <![CDATA[dummy9]]>
              </value>
            </param>
          </params>
          <reporter-output>
          </reporter-output>
        </test-method> <!-- fillForm -->
      </class> <!-- Test.createAccount -->
    </test> <!-- Test -->
  </suite> <!-- Suite -->
</testng-results>
