<?xml version="1.0" encoding="UTF-8"?>
<!-- Generated by org.testng.reporters.JUnitXMLReporter -->
<testsuite hostname="LAPTOP-O1M8E2E5" ignored="0" name="Test" tests="4" failures="0" timestamp="05 Jun 2020 12:07:15 GMT" time="163.244" errors="0">
  <testcase name="createAcc" time="15.908" classname="Test.createAccount"/>
  <testcase name="fillForm" time="14.165" classname="Test.createAccount"/>
  <testcase name="createAcc" time="21.342" classname="Test.loginAccount"/>
  <testcase name="createAcc" time="73.331" classname="Test.addToCart"/>
</testsuite> <!-- Test -->
