<?xml version="1.0" encoding="UTF-8"?>
<testng-results skipped="0" failed="0" ignored="0" total="1" passed="1">
  <reporter-output>
  </reporter-output>
  <suite name="Surefire suite" duration-ms="817" started-at="2020-05-20T04:28:47Z" finished-at="2020-05-20T04:28:48Z">
    <groups>
    </groups>
    <test name="Surefire test" duration-ms="817" started-at="2020-05-20T04:28:47Z" finished-at="2020-05-20T04:28:48Z">
      <class name="Academy.AppTest">
        <test-method status="PASS" signature="shouldAnswerWithTrue()" name="shouldAnswerWithTrue" duration-ms="35" started-at="2020-05-20T09:58:47Z" finished-at="2020-05-20T09:58:48Z">
          <reporter-output>
          </reporter-output>
        </test-method> <!-- shouldAnswerWithTrue -->
      </class> <!-- Academy.AppTest -->
    </test> <!-- Surefire test -->
  </suite> <!-- Surefire suite -->
</testng-results>
